Arguments: 
  C:\Program Files\nodejs\node.exe C:\Users\vitor\.yarn\releases\yarn-1.22.4.js

PATH: 
  C:\WINDOWS\system32;C:\WINDOWS;C:\WINDOWS\System32\Wbem;C:\WINDOWS\System32\WindowsPowerShell\v1.0\;C:\WINDOWS\System32\OpenSSH\;C:\ProgramData\chocolatey\bin;C:\Program Files\Java\jdk1.8.0_201\bin;C:\Android\android-sdk\tools;C:\Android\android-sdk\platform-tools;C:\Android\android-sdk\tools\bin;C:\Program Files\Git\cmd;C:\Program Files\dotnet\;C:\Program Files\Microsoft SQL Server\130\Tools\Binn\;C:\Program Files (x86)\Bitvise SSH Client;C:\tools\nginx-1.15.10;C:\Program Files\TortoiseGit\bin;C:\Program Files\nodejs\;C:\Program Files (x86)\Windows Kits\10\Windows Performance Toolkit\;C:\Program Files\CMake\bin;C:\MinGW\bin;C:\src\flutter\bin;C:\Users\vitor.cargo\bin;C:\Go\bin;C:\Gradle\gradle-6.5.1\bin;;C:\Program Files\Microsoft SQL Server\Client SDK\ODBC\170\Tools\Binn\;C:\Program Files\Docker\Docker\resources\bin;C:\ProgramData\DockerDesktop\version-bin;C:\Program Files (x86)\Yarn\bin\;C:\Users\vitor\.cargo\bin;C:\Users\vitor\AppData\Local\Programs\Python\Python37-32\Scripts\;C:\Users\vitor\AppData\Local\Programs\Python\Python37-32\;C:\Users\vitor\AppData\Local\Microsoft\WindowsApps;C:\Users\vitor\AppData\Local\Programs\Microsoft VS Code\bin;C:\Users\vitor\.dotnet\tools;C:\Users\vitor\AppData\Roaming\npm;C:\Users\vitor\AppData\Local\hyper\app-3.0.1-canary4\resources\bin;C:\Users\vitor\AppData\Local\JetBrains\Toolbox\apps\Goland\ch-0\192.5728.103\bin;C:\Users\vitor\go\bin;C:\tools\protoc;C:\tools\pgsql\bin;C:\Program Files\heroku\bin;C:\Users\vitor\.dotnet\tools;C:\Users\vitor\AppData\Local\Yarn\bin

Yarn version: 
  1.22.4

Node version: 
  10.15.3

Platform: 
  win32 x64

Trace: 
  Error: EPERM: operation not permitted, unlink 'C:\Users\vitor\Documents\Programacao\Web\html-covid\node_modules\@swc\core\native\index.node'

npm manifest: 
  {
    "name": "html-covid",
    "version": "1.0.0",
    "description": "",
    "main": "index.js",
    "scripts": {
      "start": "webpack-dev-server  --mode development",
      "build": "webpack-dashboard -- webpack --mode production"
    },
    "keywords": [],
    "author": "",
    "license": "ISC",
    "dependencies": {
      "html-webpack-plugin": "^4.3.0",
      "jquery": "^3.5.1",
      "webpack": "^4.43.0",
      "webpack-cli": "^3.3.12"
    },
    "devDependencies": {
      "@swc/core": "^1.2.20",
      "@types/jquery": "^3.5.0",
      "awesome-typescript-loader": "^5.2.1",
      "css-loader": "^3.6.0",
      "handlebars": "^4.7.6",
      "html-loader": "^1.1.0",
      "sass": "^1.26.8",
      "sass-loader": "^8.0.2",
      "style-loader": "^1.2.1",
      "swc-loader": "^0.1.12",
      "ts-loader": "^7.0.5",
      "typescript": "^3.9.5",
      "webpack-dashboard": "^3.2.0",
      "webpack-dev-server": "^3.11.0"
    }
  }

yarn manifest: 
  No manifest

Lockfile: 
  No lockfile
